Using pre-set license
Built from '2022.3/release' branch; Version is '2022.3.20f1 (61c2feb0970d) revision 6406910'; Using compiler version '192829333'; Build Type 'Release'
OS: 'Windows 11  (10.0.22631) 64bit Core' Language: 'ru' Physical Memory: 28483 MB
BatchMode: 1, IsHumanControllingUs: 0, StartBugReporterOnCrash: 0, Is64bit: 1, IsPro: 1

COMMAND LINE ARGUMENTS:
C:\Program Files\Unity\Hub\Editor\2022.3.20f1\Editor\Unity.exe
-adb2
-batchMode
-noUpm
-name
AssetImportWorker0
-projectPath
C:/GameDevelopment/RacingGame/TheCarGame/Folder
-logFile
Logs/AssetImportWorker0.log
-srvPort
53053
Successfully changed project path to: C:/GameDevelopment/RacingGame/TheCarGame/Folder
C:/GameDevelopment/RacingGame/TheCarGame/Folder
[UnityMemory] Configuration Parameters - Can be set up in boot.config
    "memorysetup-bucket-allocator-granularity=16"
    "memorysetup-bucket-allocator-bucket-count=8"
    "memorysetup-bucket-allocator-block-size=33554432"
    "memorysetup-bucket-allocator-block-count=8"
    "memorysetup-main-allocator-block-size=16777216"
    "memorysetup-thread-allocator-block-size=16777216"
    "memorysetup-gfx-main-allocator-block-size=16777216"
    "memorysetup-gfx-thread-allocator-block-size=16777216"
    "memorysetup-cache-allocator-block-size=4194304"
    "memorysetup-typetree-allocator-block-size=2097152"
    "memorysetup-profiler-bucket-allocator-granularity=16"
    "memorysetup-profiler-bucket-allocator-bucket-count=8"
    "memorysetup-profiler-bucket-allocator-block-size=33554432"
    "memorysetup-profiler-bucket-allocator-block-count=8"
    "memorysetup-profiler-allocator-block-size=16777216"
    "memorysetup-profiler-editor-allocator-block-size=1048576"
    "memorysetup-temp-allocator-size-main=16777216"
    "memorysetup-job-temp-allocator-block-size=2097152"
    "memorysetup-job-temp-allocator-block-size-background=1048576"
    "memorysetup-job-temp-allocator-reduction-small-platforms=262144"
    "memorysetup-allocator-temp-initial-block-size-main=262144"
    "memorysetup-allocator-temp-initial-block-size-worker=262144"
    "memorysetup-temp-allocator-size-background-worker=32768"
    "memorysetup-temp-allocator-size-job-worker=262144"
    "memorysetup-temp-allocator-size-preload-manager=33554432"
    "memorysetup-temp-allocator-size-nav-mesh-worker=65536"
    "memorysetup-temp-allocator-size-audio-worker=65536"
    "memorysetup-temp-allocator-size-cloud-worker=32768"
    "memorysetup-temp-allocator-size-gi-baking-worker=262144"
    "memorysetup-temp-allocator-size-gfx=262144"
Player connection [14264] Host "[IP] 192.168.112.57 [Port] 0 [Flags] 2 [Guid] 1615852095 [EditorId] 1615852095 [Version] 1048832 [Id] WindowsEditor(7,AndreyLaptop) [Debug] 1 [PackageName] WindowsEditor [ProjectName] Editor" joined multi-casting on [225.0.0.222:54997]...

Player connection [14264] Host "[IP] 192.168.112.57 [Port] 0 [Flags] 2 [Guid] 1615852095 [EditorId] 1615852095 [Version] 1048832 [Id] WindowsEditor(7,AndreyLaptop) [Debug] 1 [PackageName] WindowsEditor [ProjectName] Editor" joined alternative multi-casting on [225.0.0.222:34997]...

[Physics::Module] Initialized MultithreadedJobDispatcher with 15 workers.
Refreshing native plugins compatible for Editor in 25.81 ms, found 3 plugins.
Preloading 0 native plugins for Editor in 0.00 ms.
Initialize engine version: 2022.3.20f1 (61c2feb0970d)
[Subsystems] Discovering subsystems at path C:/Program Files/Unity/Hub/Editor/2022.3.20f1/Editor/Data/Resources/UnitySubsystems
[Subsystems] Discovering subsystems at path C:/GameDevelopment/RacingGame/TheCarGame/Folder/Assets
GfxDevice: creating device client; threaded=0; jobified=0
Direct3D:
    Version:  Direct3D 11.0 [level 11.1]
    Renderer: AMD Radeon(TM) 780M (ID=0x15bf)
    Vendor:   ATI
    VRAM:     14241 MB
    Driver:   31.0.14005.1004
Initialize mono
Mono path[0] = 'C:/Program Files/Unity/Hub/Editor/2022.3.20f1/Editor/Data/Managed'
Mono path[1] = 'C:/Program Files/Unity/Hub/Editor/2022.3.20f1/Editor/Data/MonoBleedingEdge/lib/mono/unityjit-win32'
Mono config path = 'C:/Program Files/Unity/Hub/Editor/2022.3.20f1/Editor/Data/MonoBleedingEdge/etc'
Using monoOptions --debugger-agent=transport=dt_socket,embedding=1,server=y,suspend=n,address=127.0.0.1:56036
Begin MonoManager ReloadAssembly
Registering precompiled unity dll's ...
Register platform support module: C:/Program Files/Unity/Hub/Editor/2022.3.20f1/Editor/Data/PlaybackEngines/WebGLSupport/UnityEditor.WebGL.Extensions.dll
Register platform support module: C:/Program Files/Unity/Hub/Editor/2022.3.20f1/Editor/Data/PlaybackEngines/AndroidPlayer/UnityEditor.Android.Extensions.dll
Register platform support module: C:/Program Files/Unity/Hub/Editor/2022.3.20f1/Editor/Data/PlaybackEngines/iOSSupport/UnityEditor.iOS.Extensions.dll
Register platform support module: C:/Program Files/Unity/Hub/Editor/2022.3.20f1/Editor/Data/PlaybackEngines/WindowsStandaloneSupport/UnityEditor.WindowsStandalone.Extensions.dll
Registered in 0.022151 seconds.
- Loaded All Assemblies, in  0.629 seconds
Native extension for WindowsStandalone target not found
[usbmuxd] Start listen thread
[usbmuxd] Listen thread started
Native extension for iOS target not found
Native extension for Android target not found
Android Extension - Scanning For ADB Devices 485 ms
Native extension for WebGL target not found
Mono: successfully reloaded assembly
- Finished resetting the current domain, in  1.049 seconds
Domain Reload Profiling: 1676ms
	BeginReloadAssembly (187ms)
		ExecutionOrderSort (0ms)
		DisableScriptedObjects (0ms)
		BackupInstance (0ms)
		ReleaseScriptingObjects (0ms)
		CreateAndSetChildDomain (1ms)
	RebuildCommonClasses (59ms)
	RebuildNativeTypeToScriptingClass (18ms)
	initialDomainReloadingComplete (105ms)
	LoadAllAssembliesAndSetupDomain (256ms)
		LoadAssemblies (185ms)
		RebuildTransferFunctionScriptingTraits (0ms)
		AnalyzeDomain (251ms)
			TypeCache.Refresh (249ms)
				TypeCache.ScanAssembly (226ms)
			ScanForSourceGeneratedMonoScriptInfo (1ms)
			ResolveRequiredComponents (1ms)
	FinalizeReload (1050ms)
		ReleaseScriptCaches (0ms)
		RebuildScriptCaches (0ms)
		SetupLoadedEditorAssemblies (951ms)
			LogAssemblyErrors (0ms)
			InitializePlatformSupportModulesInManaged (675ms)
			SetLoadedEditorAssemblies (7ms)
			RefreshPlugins (0ms)
			BeforeProcessingInitializeOnLoad (3ms)
			ProcessInitializeOnLoadAttributes (192ms)
			ProcessInitializeOnLoadMethodAttributes (74ms)
			AfterProcessingInitializeOnLoad (0ms)
			EditorAssembliesLoaded (0ms)
		ExecutionOrderSort2 (0ms)
		AwakeInstancesAfterBackupRestoration (0ms)
========================================================================
Worker process is ready to serve import requests
Begin MonoManager ReloadAssembly
- Loaded All Assemblies, in  1.023 seconds
Refreshing native plugins compatible for Editor in 7.87 ms, found 3 plugins.
Native extension for WindowsStandalone target not found
Native extension for iOS target not found
Native extension for Android target not found
Native extension for WebGL target not found
Package Manager log level set to [2]
[Package Manager] Server::EnsureServerProcessIsRunning -- launch failed, reason: Unity was launched with the -noUpm command-line argument
[Package Manager] UpmClient::Send -- Unable to send message (not connected to UPM process).
[Package Manager] Cannot connect to Unity Package Manager local server
Mono: successfully reloaded assembly
- Finished resetting the current domain, in  1.084 seconds
Domain Reload Profiling: 2102ms
	BeginReloadAssembly (208ms)
		ExecutionOrderSort (0ms)
		DisableScriptedObjects (7ms)
		BackupInstance (0ms)
		ReleaseScriptingObjects (0ms)
		CreateAndSetChildDomain (35ms)
	RebuildCommonClasses (45ms)
	RebuildNativeTypeToScriptingClass (14ms)
	initialDomainReloadingComplete (61ms)
	LoadAllAssembliesAndSetupDomain (690ms)
		LoadAssemblies (512ms)
		RebuildTransferFunctionScriptingTraits (0ms)
		AnalyzeDomain (297ms)
			TypeCache.Refresh (266ms)
				TypeCache.ScanAssembly (238ms)
			ScanForSourceGeneratedMonoScriptInfo (22ms)
			ResolveRequiredComponents (6ms)
	FinalizeReload (1085ms)
		ReleaseScriptCaches (0ms)
		RebuildScriptCaches (0ms)
		SetupLoadedEditorAssemblies (847ms)
			LogAssemblyErrors (0ms)
			InitializePlatformSupportModulesInManaged (56ms)
			SetLoadedEditorAssemblies (6ms)
			RefreshPlugins (0ms)
			BeforeProcessingInitializeOnLoad (158ms)
			ProcessInitializeOnLoadAttributes (588ms)
			ProcessInitializeOnLoadMethodAttributes (30ms)
			AfterProcessingInitializeOnLoad (9ms)
			EditorAssembliesLoaded (0ms)
		ExecutionOrderSort2 (0ms)
		AwakeInstancesAfterBackupRestoration (11ms)
Launched and connected shader compiler UnityShaderCompiler.exe after 0.08 seconds
Refreshing native plugins compatible for Editor in 9.17 ms, found 3 plugins.
Preloading 0 native plugins for Editor in 0.00 ms.
Unloading 3430 Unused Serialized files (Serialized files now loaded: 0)
Unloading 46 unused Assets / (63.1 KB). Loaded Objects now: 3891.
Memory consumption went from 143.2 MB to 143.1 MB.
Total: 4.657500 ms (FindLiveObjects: 0.407200 ms CreateObjectMapping: 0.184400 ms MarkObjects: 3.884500 ms  DeleteObjects: 0.179800 ms)

AssetImportParameters requested are different than current active one (requested -> active):
  custom:container-demuxer-ogg: 62fdf1f143b41e24485cea50d1cbac27 -> 
  custom:video-codec-MediaFoundation-h265: 746d11721c4dcdbdad8f713fa42b33f4 -> 
  custom:video-decoder-ogg-theora: a1e56fd34408186e4bbccfd4996cb3dc -> 
  custom:framework-win-MediaFoundation: 216162199b28c13a410421893ffa2e32 -> 
  custom:CustomObjectIndexerAttribute: 6d391050e5a25f67b0a2c618074f2cd9 -> 
  custom:container-demuxer-webm: 4f35f7cbe854078d1ac9338744f61a02 -> 
  custom:container-muxer-webm: aa71ff27fc2769a1b78a27578f13a17b -> 
  custom:video-decoder-webm-vp8: 9c59270c3fd7afecdb556c50c9e8de78 -> 
  custom:SearchIndexIgnoredProperties: e643bd26f0fe6173181afceb89e7c659 -> 
  custom:AudioImporter_EditorPlatform: d09bf68614088b80899f8185d706f6e7 -> 
  custom:video-encoder-webm-vp8: eb34c28f22e8b96e1ab97ce403110664 -> 
  custom:audio-decoder-ogg-vorbis: bf7c407c2cedff20999df2af8eb42d56 -> 
  custom:audio-encoder-webm-vorbis: bf7c407c2cedff20999df2af8eb42d56 -> 
========================================================================
Received Import Request.
  Time since last request: 650627.567672 seconds.
  path: Assets/Data/Cars/Redbulbe/Meshes/ARCADE - FREE Racing Car.fbx
  artifactKey: Guid(9ec6a8fc6925acb4abc5500eeecb8270) Importer(815301076,1909f56bfc062723c751e8b465ee728b)
Start importing Assets/Data/Cars/Redbulbe/Meshes/ARCADE - FREE Racing Car.fbx using Guid(9ec6a8fc6925acb4abc5500eeecb8270) Importer(815301076,1909f56bfc062723c751e8b465ee728b)  -> (artifact id: '38cbdb15ce45331016ff26f9fe135b3c') in 0.334243 seconds
Number of updated asset objects reloaded before import = 0
Number of asset objects unloaded after import = 38
========================================================================
Received Import Request.
  Time since last request: 0.000026 seconds.
  path: Assets/Data/FBXs/Modular_Track_Free/Models/Lawn_plane_15m_free.fbx
  artifactKey: Guid(a0d1c32e1d6bda04fac5e67d071c679a) Importer(815301076,1909f56bfc062723c751e8b465ee728b)
Start importing Assets/Data/FBXs/Modular_Track_Free/Models/Lawn_plane_15m_free.fbx using Guid(a0d1c32e1d6bda04fac5e67d071c679a) Importer(815301076,1909f56bfc062723c751e8b465ee728b)  -> (artifact id: '6d1f9e7355a00807fbd0bc77bbedea24') in 0.031701 seconds
Number of updated asset objects reloaded before import = 0
Number of asset objects unloaded after import = 9
========================================================================
Received Import Request.
  Time since last request: 0.000048 seconds.
  path: Assets/Data/FBXs/Darth_Artisan/Free_Trees/Meshes/Oak_Tree.fbx
  artifactKey: Guid(6d58037af810b4021ac921a71033e575) Importer(815301076,1909f56bfc062723c751e8b465ee728b)
Start importing Assets/Data/FBXs/Darth_Artisan/Free_Trees/Meshes/Oak_Tree.fbx using Guid(6d58037af810b4021ac921a71033e575) Importer(815301076,1909f56bfc062723c751e8b465ee728b)  -> (artifact id: '1bc921da05f5dbba893d9efb3eadf13f') in 0.029029 seconds
Number of updated asset objects reloaded before import = 0
Number of asset objects unloaded after import = 8
========================================================================
Received Import Request.
  Time since last request: 0.000023 seconds.
  path: Assets/LowPoly Environment Pack/FBX/Grass_1.fbx
  artifactKey: Guid(34dfeb3f659c70946a7698f1846d752b) Importer(815301076,1909f56bfc062723c751e8b465ee728b)
Start importing Assets/LowPoly Environment Pack/FBX/Grass_1.fbx using Guid(34dfeb3f659c70946a7698f1846d752b) Importer(815301076,1909f56bfc062723c751e8b465ee728b)  -> (artifact id: '79b1afad41bbce34c4a7f42a7604b99b') in 0.029080 seconds
Number of updated asset objects reloaded before import = 0
Number of asset objects unloaded after import = 8
========================================================================
Received Import Request.
  Time since last request: 0.000022 seconds.
  path: Assets/Data/Cars/Prometheus/Meshes/Parking_Zone.fbx
  artifactKey: Guid(aa35326e084c5774b9fea1733afca70f) Importer(815301076,1909f56bfc062723c751e8b465ee728b)
Start importing Assets/Data/Cars/Prometheus/Meshes/Parking_Zone.fbx using Guid(aa35326e084c5774b9fea1733afca70f) Importer(815301076,1909f56bfc062723c751e8b465ee728b)  -> (artifact id: '7c7e30e1c3c277acff29214d4d5c983f') in 0.108490 seconds
Number of updated asset objects reloaded before import = 0
Number of asset objects unloaded after import = 47
========================================================================
Received Import Request.
  Time since last request: 0.000022 seconds.
  path: Assets/LowPoly Environment Pack/FBX/Log_1.fbx
  artifactKey: Guid(f12a3ed37c1553f46a2806744d6b056e) Importer(815301076,1909f56bfc062723c751e8b465ee728b)
Start importing Assets/LowPoly Environment Pack/FBX/Log_1.fbx using Guid(f12a3ed37c1553f46a2806744d6b056e) Importer(815301076,1909f56bfc062723c751e8b465ee728b)  -> (artifact id: '09f916a5920f72b67f12a7a41a5d703f') in 0.044918 seconds
Number of updated asset objects reloaded before import = 0
Number of asset objects unloaded after import = 9
========================================================================
Received Import Request.
  Time since last request: 0.000026 seconds.
  path: Assets/LowPoly Environment Pack/FBX/Plant_3.fbx
  artifactKey: Guid(90805fe502fa4b94e9cfc4e1c6d566bb) Importer(815301076,1909f56bfc062723c751e8b465ee728b)
Start importing Assets/LowPoly Environment Pack/FBX/Plant_3.fbx using Guid(90805fe502fa4b94e9cfc4e1c6d566bb) Importer(815301076,1909f56bfc062723c751e8b465ee728b)  -> (artifact id: 'b752d60f79c9fde54df85054937706d8') in 0.025792 seconds
Number of updated asset objects reloaded before import = 0
Number of asset objects unloaded after import = 8
========================================================================
Received Import Request.
  Time since last request: 0.000043 seconds.
  path: Assets/LowPoly Environment Pack/FBX/Plant_1.fbx
  artifactKey: Guid(3739d3cd85494bb4c887d0401497fe57) Importer(815301076,1909f56bfc062723c751e8b465ee728b)
Start importing Assets/LowPoly Environment Pack/FBX/Plant_1.fbx using Guid(3739d3cd85494bb4c887d0401497fe57) Importer(815301076,1909f56bfc062723c751e8b465ee728b)  -> (artifact id: 'e823b01056540f9e5f6f72d6c6773699') in 0.024614 seconds
Number of updated asset objects reloaded before import = 0
Number of asset objects unloaded after import = 8
========================================================================
Received Import Request.
  Time since last request: 0.000021 seconds.
  path: Assets/Data/FBXs/industrial_shelving_01.fbx
  artifactKey: Guid(aed1cd40ece4fc14f81ab2707dfc258a) Importer(815301076,1909f56bfc062723c751e8b465ee728b)
Start importing Assets/Data/FBXs/industrial_shelving_01.fbx using Guid(aed1cd40ece4fc14f81ab2707dfc258a) Importer(815301076,1909f56bfc062723c751e8b465ee728b)  -> (artifact id: 'd6b6a126f3b7e16ff6e8ece28842fb8d') in 0.026634 seconds
Number of updated asset objects reloaded before import = 0
Number of asset objects unloaded after import = 7
========================================================================
Received Import Request.
  Time since last request: 0.000032 seconds.
  path: Assets/LowPoly Environment Pack/FBX/Plant_5.fbx
  artifactKey: Guid(c9ce8f855ca8c98449df4090174b5cd0) Importer(815301076,1909f56bfc062723c751e8b465ee728b)
Start importing Assets/LowPoly Environment Pack/FBX/Plant_5.fbx using Guid(c9ce8f855ca8c98449df4090174b5cd0) Importer(815301076,1909f56bfc062723c751e8b465ee728b)  -> (artifact id: 'd11c0184730dc933fb62e730fa879793') in 0.028036 seconds
Number of updated asset objects reloaded before import = 0
Number of asset objects unloaded after import = 9
========================================================================
Received Import Request.
  Time since last request: 0.000020 seconds.
  path: Assets/Data/FBXs/Darth_Artisan/Free_Trees/Meshes/Fir_Tree.fbx
  artifactKey: Guid(d7ad634caa1c049d49b730cc6d29c683) Importer(815301076,1909f56bfc062723c751e8b465ee728b)
Start importing Assets/Data/FBXs/Darth_Artisan/Free_Trees/Meshes/Fir_Tree.fbx using Guid(d7ad634caa1c049d49b730cc6d29c683) Importer(815301076,1909f56bfc062723c751e8b465ee728b)  -> (artifact id: 'a11c8ace320b22aee85f43add76818d0') in 0.029035 seconds
Number of updated asset objects reloaded before import = 0
Number of asset objects unloaded after import = 8
========================================================================
Received Import Request.
  Time since last request: 0.000043 seconds.
  path: Assets/LowPoly Environment Pack/FBX/Bush_2.fbx
  artifactKey: Guid(87ad1332cfca6934ea307ce26bfc9dec) Importer(815301076,1909f56bfc062723c751e8b465ee728b)
Start importing Assets/LowPoly Environment Pack/FBX/Bush_2.fbx using Guid(87ad1332cfca6934ea307ce26bfc9dec) Importer(815301076,1909f56bfc062723c751e8b465ee728b)  -> (artifact id: '766346dffc8421f5ecbe67c92b3c9424') in 0.023442 seconds
Number of updated asset objects reloaded before import = 0
Number of asset objects unloaded after import = 9
========================================================================
Received Import Request.
  Time since last request: 0.000026 seconds.
  path: Assets/LowPoly Environment Pack/FBX/Environment_1.fbx
  artifactKey: Guid(a9a560b7bc05a6a46978b53fe4b40f49) Importer(815301076,1909f56bfc062723c751e8b465ee728b)
Start importing Assets/LowPoly Environment Pack/FBX/Environment_1.fbx using Guid(a9a560b7bc05a6a46978b53fe4b40f49) Importer(815301076,1909f56bfc062723c751e8b465ee728b)  -> (artifact id: 'ea87e1c91947749eb03c5df41c1b4c60') in 0.044259 seconds
Number of updated asset objects reloaded before import = 0
Number of asset objects unloaded after import = 8
========================================================================
Received Import Request.
  Time since last request: 0.000024 seconds.
  path: Assets/LowPoly Environment Pack/FBX/Plant_7.fbx
  artifactKey: Guid(1840141b5d3f43e49a5c7980d5c40da4) Importer(815301076,1909f56bfc062723c751e8b465ee728b)
Start importing Assets/LowPoly Environment Pack/FBX/Plant_7.fbx using Guid(1840141b5d3f43e49a5c7980d5c40da4) Importer(815301076,1909f56bfc062723c751e8b465ee728b)  -> (artifact id: '65bfb97de25eb51dc7438eb6e15f4190') in 0.024695 seconds
Number of updated asset objects reloaded before import = 0
Number of asset objects unloaded after import = 8
========================================================================
Received Import Request.
  Time since last request: 0.000025 seconds.
  path: Assets/Data/Cars/F488/MESHES/F488_LOD0.FBX
  artifactKey: Guid(65dd5e2569b252046b65dfcd5f89862c) Importer(815301076,1909f56bfc062723c751e8b465ee728b)
Start importing Assets/Data/Cars/F488/MESHES/F488_LOD0.FBX using Guid(65dd5e2569b252046b65dfcd5f89862c) Importer(815301076,1909f56bfc062723c751e8b465ee728b)  -> (artifact id: '24396f7d2bda6c5020d7460759c3f90b') in 0.517706 seconds
Number of updated asset objects reloaded before import = 0
Number of asset objects unloaded after import = 146
Editor requested this worker to shutdown with reason: Scaling down because of idle timeout
TcpMessagingSession - receive error: operation aborted. errorcode: 995, details: ќпераци€ ввода/вывода была прервана из-за завершени€ потока команд или по запросу приложени€.
AssetImportWorker is now disconnected from the server
Process exiting
Exiting without the bug reporter. Application will terminate with return code 0